IGES to UG
! INFO-     NX V11.0 / IGES Specification 5.3
! INFO-      
! INFO-     Start of Translation: 11-AUG-2019  8:07:46 PM
! INFO-      
! STATUS-   Converting Part: D:\University Files\CSDC\CubeSat Master Files\LASSAT V1\92000A120_18-8 SS METRIC PAN HEAD PHIL MACHINE SCREW.IGS
! INFO-     SolidWorks IGES file using analytic representation for surfaces         
! SUMMARY-   
! SUMMARY-  Summary of Supported IGES Entities in file
! SUMMARY-   
! SUMMARY-  Entity Type                    Count
! SUMMARY-  -----------                    -----
! SUMMARY-  Line (110/0).................:   494
! SUMMARY-  Circular Arc (100/0).........:   112
! SUMMARY-  B-Spline Curve (126/0-4).....:  1246
! SUMMARY-  Composite Curve (102/0)......:   282
! SUMMARY-  Surface of Rev (120/0).......:   114
! SUMMARY-  B-Spline Surface (128/0-9)...:    26
! SUMMARY-  Curve of Surface (142/0).....:   141
! SUMMARY-  Trimmed Surface (144/0)......:   140
! SUMMARY-  Trans Matrix (124/0,1,10,12).:    76
! SUMMARY-                                 -----
! SUMMARY-  Total                           2631
! STATUS-    
! STATUS-   Converting to Output Form (Phase 2 of 3): 11-AUG-2019 8:07:46 PM
! STATUS-    
! STATUS-   Creating the UG part (Phase 3 of 3): 11-AUG-2019  8:07:46 PM
! INFO-     Filing Part ..: D:\University Files\CSDC\CubeSat Master Files\LASSAT V1\92000A120_18-8 SS METRIC PAN HEAD PHIL MACHINE SCREW_igs.prt
! SUMMARY-   
! SUMMARY-  Summary of Unigraphics Input Entities
! SUMMARY-   
! SUMMARY-  Entities Processed             Count
! SUMMARY-  ------------------             -----
! SUMMARY-  Part Attribute ..............:     8
! SUMMARY-  Solid .......................:   140
! SUMMARY-                                 -----
! SUMMARY-  Total                            148
! INFO-      
! INFO-     End of Translation: 11-AUG-2019  8:07:49 PM
! INFO-      
