IGES to UG
! INFO-     NX V11.0 / IGES Specification 5.3
! INFO-      
! INFO-     Start of Translation: 5-AUG-2019  6:48:50 PM
! INFO-      
! STATUS-   Converting Part: D:\University Files\CSDC\CubeSat Master Files\LASSAT V1\93655A220_MALE-FEMALE THREADED HEX STANDOFF.IGS
! INFO-     SolidWorks IGES file using analytic representation for surfaces         
! SUMMARY-   
! SUMMARY-  Summary of Supported IGES Entities in file
! SUMMARY-   
! SUMMARY-  Entity Type                    Count
! SUMMARY-  -----------                    -----
! SUMMARY-  Line (110/0).................:   238
! SUMMARY-  Circular Arc (100/0).........:    52
! SUMMARY-  B-Spline Curve (126/0-4).....:   692
! SUMMARY-  Composite Curve (102/0)......:   164
! SUMMARY-  Surface of Rev (120/0).......:    63
! SUMMARY-  B-Spline Surface (128/0-9)...:    17
! SUMMARY-  Curve of Surface (142/0).....:    82
! SUMMARY-  Trimmed Surface (144/0)......:    80
! SUMMARY-  Trans Matrix (124/0,1,10,12).:    52
! SUMMARY-  Color Definition (314/0,1)...:     1
! SUMMARY-                                 -----
! SUMMARY-  Total                           1441
! STATUS-    
! STATUS-   Converting to Output Form (Phase 2 of 3): 5-AUG-2019 6:48:50 PM
! STATUS-    
! STATUS-   Creating the UG part (Phase 3 of 3): 5-AUG-2019  6:48:50 PM
! INFO-     Degeneracy in b-spline entity 75 was corrected at or around these
! INFO-     locations.  A shape change has resulted:
! INFO-         0.994069 0.000006 0.000000
! INFO-     Degeneracy in b-spline entity 195 was corrected at or around these
! INFO-     locations.  A shape change has resulted:
! INFO-         0.994070 0.000005 0.000000
! INFO-     Filing Part ..: D:\University Files\CSDC\CubeSat Master Files\LASSAT V1\93655A220_MALE-FEMALE THREADED HEX STANDOFF_igs.prt
! SUMMARY-   
! SUMMARY-  Summary of Unigraphics Input Entities
! SUMMARY-   
! SUMMARY-  Entities Processed             Count
! SUMMARY-  ------------------             -----
! SUMMARY-  Part Attribute ..............:     8
! SUMMARY-  Solid .......................:    80
! SUMMARY-                                 -----
! SUMMARY-  Total                             88
! INFO-      
! INFO-     End of Translation: 5-AUG-2019  6:48:52 PM
! INFO-      
