IGES to UG
! INFO-     NX V11.0 / IGES Specification 5.3
! INFO-      
! INFO-     Start of Translation: 5-AUG-2019  7:21:30 PM
! INFO-      
! STATUS-   Converting Part: D:\University Files\CSDC\CubeSat Master Files\LASSAT V1\94868A720_18-8 SS FEM THRDED HEX STANDOFF.IGS
! INFO-     SolidWorks IGES file using analytic representation for surfaces         
! SUMMARY-   
! SUMMARY-  Summary of Supported IGES Entities in file
! SUMMARY-   
! SUMMARY-  Entity Type                    Count
! SUMMARY-  -----------                    -----
! SUMMARY-  Line (110/0).................:   238
! SUMMARY-  Circular Arc (100/0).........:    36
! SUMMARY-  B-Spline Curve (126/0-4).....:   668
! SUMMARY-  Composite Curve (102/0)......:   152
! SUMMARY-  Surface of Rev (120/0).......:    63
! SUMMARY-  B-Spline Surface (128/0-9)...:    11
! SUMMARY-  Curve of Surface (142/0).....:    76
! SUMMARY-  Trimmed Surface (144/0)......:    74
! SUMMARY-  Trans Matrix (124/0,1,10,12).:    14
! SUMMARY-  Color Definition (314/0,1)...:     1
! SUMMARY-                                 -----
! SUMMARY-  Total                           1333
! STATUS-    
! STATUS-   Converting to Output Form (Phase 2 of 3): 5-AUG-2019 7:21:30 PM
! STATUS-    
! STATUS-   Creating the UG part (Phase 3 of 3): 5-AUG-2019  7:21:30 PM
! INFO-     Filing Part ..: D:\University Files\CSDC\CubeSat Master Files\LASSAT V1\94868A720_18-8 SS FEM THRDED HEX STANDOFF_igs.prt
! SUMMARY-   
! SUMMARY-  Summary of Unigraphics Input Entities
! SUMMARY-   
! SUMMARY-  Entities Processed             Count
! SUMMARY-  ------------------             -----
! SUMMARY-  Part Attribute ..............:     8
! SUMMARY-  Solid .......................:    74
! SUMMARY-                                 -----
! SUMMARY-  Total                             82
! INFO-      
! INFO-     End of Translation: 5-AUG-2019  7:21:33 PM
! INFO-      
