STEP to UG
! INFO-     NX STEP AP203 - V11.0
! INFO-      
! INFO-     Start of Translation: 21-JUN-2019  10:34:26 AM
! INFO-      
! STATUS-   Converting Part: C:\Users\Jessie\Documents\ENG 4000\Hinge\FinalMachiningModels\FINAL MACHINING MODELS\ANTENNA_HINGE.stp
! SUMMARY-   
! SUMMARY-    STEP Header Information
! SUMMARY-   
! SUMMARY-  Description      Unknown
! SUMMARY-  Imp_Level        2;1
! SUMMARY-  File_Name        ANTENNA_HINGE.stp
! SUMMARY-  Date             2019-02-09T15:21:05-05:00
! SUMMARY-  Author           Unknown
! SUMMARY-  Organization     Unknown
! SUMMARY-  Pre_Version      ST-DEVELOPER v16
! SUMMARY-  Orig_System      SIEMENS PLM Software NX 11.0
! SUMMARY-  Authorization    Unknown
! SUMMARY-  Schema_ID        automotive_design
! SUMMARY-   
! SUMMARY-    Summary of STEP Entities
! SUMMARY-   
! SUMMARY-  Entity Type                                                   Count
! SUMMARY-  -----------                                                   ------
! SUMMARY-  advanced_face ..............................................:     24
! SUMMARY-  application_context ........................................:      1
! SUMMARY-  axis2_placement_3d .........................................:     41
! SUMMARY-  cartesian_point ............................................:    120
! SUMMARY-  circle .....................................................:     16
! SUMMARY-  closed_shell ...............................................:      1
! SUMMARY-  conical_surface ............................................:      3
! SUMMARY-  conversion_based_unit_and_plane_angle_unit .................:      1
! SUMMARY-  cylindrical_surface ........................................:      7
! SUMMARY-  dimensional_exponents ......................................:      1
! SUMMARY-  direction ..................................................:    122
! SUMMARY-  edge_curve .................................................:     56
! SUMMARY-  edge_loop ..................................................:     32
! SUMMARY-  face_bound .................................................:     18
! SUMMARY-  face_outer_bound ...........................................:     15
! SUMMARY-  geometric_representation_context_and_global_uncertainty_a ..:      1
! SUMMARY-  length_unit_and_si_unit ....................................:      1
! SUMMARY-  line .......................................................:     40
! SUMMARY-  manifold_solid_brep ........................................:      1
! SUMMARY-  oriented_edge ..............................................:    112
! SUMMARY-  plane ......................................................:     14
! SUMMARY-  plane_angle_measure_with_unit ..............................:      1
! SUMMARY-  plane_angle_unit_and_si_unit ...............................:      1
! SUMMARY-  product ....................................................:      1
! SUMMARY-  product_context ............................................:      1
! SUMMARY-  product_definition .........................................:      1
! SUMMARY-  product_definition_context .................................:      1
! SUMMARY-  product_definition_formation_with_specified_source .........:      1
! SUMMARY-  product_definition_shape ...................................:      1
! SUMMARY-  product_related_product_category ...........................:      1
! SUMMARY-  si_unit_and_solid_angle_unit ...............................:      1
! SUMMARY-  uncertainty_measure_with_unit ..............................:      1
! SUMMARY-  vector .....................................................:     40
! SUMMARY-  vertex_loop ................................................:      1
! SUMMARY-  vertex_point ...............................................:     39
! SUMMARY-                                                               -------
! SUMMARY-  Total                                                            718
! STATUS-    
! STATUS-   Converting to Output Form (Phase 2 of 3): 21-JUN-2019 10:34:26 AM
! STATUS-    
! STATUS-    
! STATUS-   Generating UG geometry and placing them in parts
! STATUS-    
! STATUS-   Creating the UG part (Phase 3 of 3): 21-JUN-2019  10:34:26 AM
! STATUS-    
! STATUS-   Creating UG solid body from Input Ent Id 32
! STATUS-    
! STATUS-   simplifying Bsplines to analytics
! STATUS-    
! STATUS-   converting tolerant edges into exact edges
! STATUS-    
! STATUS-   doing final check of body to report any faults
! STATUS-    
! INFO-     Filing Part ..: C:\Users\Jessie\Documents\ENG 4000\Hinge\FinalMachiningModels\FINAL MACHINING MODELS\ANTENNA_HINGE_stp.prt
! SUMMARY-   
! SUMMARY-  Summary of Unigraphics Part Entities
! SUMMARY-   
! SUMMARY-  Entities Processed             Count
! SUMMARY-  ------------------             -----
! SUMMARY-  Solid .......................:     1
! SUMMARY-                                 -----
! SUMMARY-  Total                              1
! INFO-      
! INFO-     Total number of solids input for this translation       :         1
! INFO-      
! INFO-     Number of solids created without body validation faults :         1
! INFO-      
! INFO-     Number of solids created with body validation fault(s)  :         0
! INFO-      
! INFO-     Number of solids ending up as sheet bodies              :         0
! INFO-      
! INFO-     End of Translation: 21-JUN-2019  10:34:26 AM
! INFO-      
