Removed Pin From Net: NetName=Net1_19 Pin=2-10
Removed Pin From Net: NetName=Net1_15 Pin=3-10
Removed Pin From Net: NetName=Net2_19 Pin=C1-1
Removed Pin From Net: NetName=Net2_15 Pin=C2-2
Removed Pin From Net: NetName=Net3_15 Pin=C4-2
Removed Pin From Net: NetName=Net2_19 Pin=L1-1
Removed Pin From Net: NetName=Net2_15 Pin=L2-2
Removed Pin From Net: NetName=Net3_15 Pin=L4-2
Removed Pin From Net: NetName=Net1_10 Pin=MMCX-8
Removed Pin From Net: NetName=Net1_14 Pin=R1-1
Added Pin To Net: NetName=Net1_15 Pin=2-14
Added Pin To Net: NetName=Net1_19 Pin=3-14
Added Pin To Net: NetName=Net2_15 Pin=C1-1
Added Pin To Net: NetName=Net2_19 Pin=C2-2
Added Pin To Net: NetName=Net3_15 Pin=C3-1
Added Pin To Net: NetName=Net2_15 Pin=L1-1
Added Pin To Net: NetName=Net2_19 Pin=L2-2
Added Pin To Net: NetName=Net3_15 Pin=L3-1
Added Pin To Net: NetName=GND Pin=L4-2
Added Pin To Net: NetName=Net1_14 Pin=MMCX-8
Added Pin To Net: NetName=Net1_10 Pin=R1-1
Added Pin To Net: NetName=Net2_10 Pin=2-10
Added Pin To Net: NetName=Net2_10 Pin=R2-1
Added Net: Name=Net2_10
