Removed Pin From Net: NetName=Net1_1 Pin=1-1
Removed Pin From Net: NetName=Net2_0 Pin=2-0
Removed Pin From Net: NetName=Net2_0 Pin=19-0
Removed Pin From Net: NetName=Net2_0 Pin=21-0
Removed Pin From Net: NetName=Net1_1 Pin=C1-1
Removed Pin From Net: NetName=Net1_1 Pin=Connector-3
Removed Pin From Net: NetName=Net1_1 Pin=Connector-4
Removed Pin From Net: NetName=Net1_1 Pin=R2-2
Removed Pin From Net: NetName=Net1_1 Pin=R4-2
Removed Pin From Net: NetName=Net1_1 Pin=U1-11
Added Pin To Net: NetName=Net2_0 Pin=1-0
Added Pin To Net: NetName=Net1_1 Pin=2-1
Added Pin To Net: NetName=Net19_0 Pin=19-0
Added Pin To Net: NetName=Net21_0 Pin=21-0
Change Net Name : Old Net Name=Net1_1 New Net Name=Net2_1
Change Net Name : Old Net Name=Net2_0 New Net Name=Net1_0
Added Pin To Net: NetName=Net1_1 Pin=1-1
Added Pin To Net: NetName=Net1_1 Pin=2-0
Added Net: Name=Net1_1
Added Pin To Net: NetName=NetC1_1 Pin=C1-1
Added Pin To Net: NetName=NetC1_1 Pin=Connector-3
Added Pin To Net: NetName=NetC1_1 Pin=Connector-4
Added Pin To Net: NetName=NetC1_1 Pin=R2-2
Added Pin To Net: NetName=NetC1_1 Pin=R4-2
Added Pin To Net: NetName=NetC1_1 Pin=U1-11
Added Net: Name=NetC1_1
Added Room: Name=SolarArray1
