Removed Pin From Net: NetName=Net1_1 Pin=19-1
Removed Pin From Net: NetName=Net6_0 Pin=Connector-1
Removed Pin From Net: NetName=Net6_0 Pin=Connector-2
Removed Pin From Net: NetName=Net1_1 Pin=Connector-3
Removed Pin From Net: NetName=NetC1_2 Pin=Connector-5
Change Component Comment : Designator=Connector Old Comment=T2M-105-01-L-D-SM New Comment=TFC-105-02-F-D
Change Component Designator: OldDesignator=1 NewDesignator=36
Change Component Designator: OldDesignator=2 NewDesignator=37
Change Component Designator: OldDesignator=3 NewDesignator=38
Change Component Designator: OldDesignator=4 NewDesignator=39
Change Component Designator: OldDesignator=5 NewDesignator=40
Change Component Designator: OldDesignator=6 NewDesignator=35
Change Component Designator: OldDesignator=7 NewDesignator=34
Change Component Designator: OldDesignator=8 NewDesignator=33
Change Component Designator: OldDesignator=9 NewDesignator=32
Change Component Designator: OldDesignator=10 NewDesignator=31
Change Component Designator: OldDesignator=11 NewDesignator=16
Change Component Designator: OldDesignator=12 NewDesignator=17
Change Component Designator: OldDesignator=14 NewDesignator=18
Change Component Designator: OldDesignator=15 NewDesignator=19
Change Component Designator: OldDesignator=16 NewDesignator=14
Change Component Designator: OldDesignator=17 NewDesignator=12
Change Component Designator: OldDesignator=18 NewDesignator=11
Change Component Designator: OldDesignator=21 NewDesignator=58
Change Component Designator: OldDesignator=22 NewDesignator=57
Change Component Designator: OldDesignator=23 NewDesignator=56
Change Component Designator: OldDesignator=24 NewDesignator=51
Change Component Designator: OldDesignator=25 NewDesignator=52
Change Component Designator: OldDesignator=26 NewDesignator=53
Change Component Designator: OldDesignator=27 NewDesignator=54
Change Component Designator: OldDesignator=28 NewDesignator=55
Change Component Designator: OldDesignator=29 NewDesignator=50
Change Component Designator: OldDesignator=30 NewDesignator=49
Change Component Designator: OldDesignator=31 NewDesignator=48
Change Component Designator: OldDesignator=32 NewDesignator=47
Change Component Designator: OldDesignator=33 NewDesignator=46
Change Component Designator: OldDesignator=34 NewDesignator=41
Change Component Designator: OldDesignator=35 NewDesignator=42
Change Component Designator: OldDesignator=36 NewDesignator=43
Change Component Designator: OldDesignator=37 NewDesignator=44
Change Component Designator: OldDesignator=38 NewDesignator=45
Change Component Designator: OldDesignator=39 NewDesignator=30
Change Component Designator: OldDesignator=40 NewDesignator=29
Change Component Designator: OldDesignator=41 NewDesignator=28
Change Component Designator: OldDesignator=42 NewDesignator=27
Change Component Designator: OldDesignator=43 NewDesignator=26
Change Component Designator: OldDesignator=44 NewDesignator=21
Change Component Designator: OldDesignator=45 NewDesignator=22
Change Component Designator: OldDesignator=46 NewDesignator=23
Change Component Designator: OldDesignator=47 NewDesignator=24
Change Component Designator: OldDesignator=48 NewDesignator=25
Change Component Designator: OldDesignator=49 NewDesignator=10
Change Component Designator: OldDesignator=50 NewDesignator=9
Change Component Designator: OldDesignator=51 NewDesignator=8
Change Component Designator: OldDesignator=52 NewDesignator=7
Change Component Designator: OldDesignator=53 NewDesignator=6
Change Component Designator: OldDesignator=54 NewDesignator=1
Change Component Designator: OldDesignator=55 NewDesignator=2
Change Component Designator: OldDesignator=56 NewDesignator=3
Change Component Designator: OldDesignator=57 NewDesignator=4
Change Component Designator: OldDesignator=58 NewDesignator=5
Added Component: Designator=15(PCBComponent_1)
Added Component: Designator=59(PCBComponent_1)
Added Component: Designator=60(PCBComponent_1)
Added Pin To Net: NetName=Net1_1 Pin=59-1
Added Pin To Net: NetName=Net1_1 Pin=60-1
Change Net Name : Old Net Name=Net1_0 New Net Name=Net31_1
Change Net Name : Old Net Name=Net1_1 New Net Name=Net6_1
Change Net Name : Old Net Name=Net2_0 New Net Name=Net32_1
Change Net Name : Old Net Name=Net3_0 New Net Name=Net33_1
Change Net Name : Old Net Name=Net4_0 New Net Name=Net34_1
Change Net Name : Old Net Name=Net5_0 New Net Name=Net35_1
Change Net Name : Old Net Name=Net6_0 New Net Name=Net1_0
Change Net Name : Old Net Name=Net11_0 New Net Name=Net11_1
Change Net Name : Old Net Name=Net12_0 New Net Name=Net12_1
Change Net Name : Old Net Name=Net15_0 New Net Name=Net14_1
Change Net Name : Old Net Name=Net21_0 New Net Name=Net53_1
Change Net Name : Old Net Name=Net22_0 New Net Name=Net52_1
Change Net Name : Old Net Name=Net23_0 New Net Name=Net51_1
Change Net Name : Old Net Name=Net29_0 New Net Name=Net45_1
Change Net Name : Old Net Name=Net30_0 New Net Name=Net44_1
Change Net Name : Old Net Name=Net31_0 New Net Name=Net43_1
Change Net Name : Old Net Name=Net32_0 New Net Name=Net42_1
Change Net Name : Old Net Name=Net33_0 New Net Name=Net41_1
Change Net Name : Old Net Name=Net39_0 New Net Name=Net25_1
Change Net Name : Old Net Name=Net40_0 New Net Name=Net24_1
Change Net Name : Old Net Name=Net41_0 New Net Name=Net23_1
Change Net Name : Old Net Name=Net42_0 New Net Name=Net22_1
Change Net Name : Old Net Name=Net43_0 New Net Name=Net21_1
Change Net Name : Old Net Name=Net49_0 New Net Name=Net5_1
Change Net Name : Old Net Name=Net50_0 New Net Name=Net4_1
Change Net Name : Old Net Name=Net51_0 New Net Name=Net3_1
Change Net Name : Old Net Name=Net52_0 New Net Name=Net2_1
Change Net Name : Old Net Name=Net53_0 New Net Name=Net1_1
Added Pin To Net: NetName=Net15_1 Pin=15-1
Added Pin To Net: NetName=Net15_1 Pin=20-0
Added Net: Name=Net15_1
Added Pin To Net: NetName=Net54_1 Pin=54-1
Added Pin To Net: NetName=Net54_1 Pin=59-0
Added Net: Name=Net54_1
Added Pin To Net: NetName=Net55_1 Pin=55-1
Added Pin To Net: NetName=Net55_1 Pin=60-0
Added Net: Name=Net55_1
Added Pin To Net: NetName=NetConnector_8 Pin=Connector-8
Added Pin To Net: NetName=NetConnector_8 Pin=U1-2
Added Net: Name=NetConnector_8
Added Pin To Net: NetName=NetConnector_10 Pin=Connector-10
Added Pin To Net: NetName=NetConnector_10 Pin=U1-1
Added Net: Name=NetConnector_10
Added Member To Class: ClassName=SolarArray3 Member=Component 59 Trisol X Solar Wing
Added Member To Class: ClassName=SolarArray3 Member=Component 60 Trisol X Solar Wing
Added Room: Name=SolarArray3
