STEP to UG
! INFO-     NX STEP AP203 - V11.0
! INFO-      
! INFO-     Start of Translation: 21-JUN-2019  10:00:50 AM
! INFO-      
! STATUS-   Converting Part: C:\Users\Jessie\Documents\ENG 4000\Hinge\FinalMachiningModels\PCBFinal.step
! SUMMARY-   
! SUMMARY-    STEP Header Information
! SUMMARY-   
! SUMMARY-  Description      Open CASCADE Model
! SUMMARY-  Imp_Level        2;1
! SUMMARY-  File_Name        Open CASCADE Shape Model
! SUMMARY-  Date             2019-06-21T10:00:11
! SUMMARY-  Author           Author
! SUMMARY-  Organization     Open CASCADE
! SUMMARY-  Pre_Version      Open CASCADE STEP processor 6.8
! SUMMARY-  Orig_System      Open CASCADE 6.8
! SUMMARY-  Authorization    Unknown
! SUMMARY-  Schema_ID        automotive_design
! SUMMARY-   
! SUMMARY-    Summary of STEP Entities
! SUMMARY-   
! SUMMARY-  Entity Type                                                   Count
! SUMMARY-  -----------                                                   ------
! SUMMARY-  advanced_brep_shape_representation .........................:      6
! SUMMARY-  advanced_face ..............................................:    287
! SUMMARY-  application_context ........................................:      1
! SUMMARY-  axis1_placement ............................................:      2
! SUMMARY-  axis2_placement_2d .........................................:     62
! SUMMARY-  axis2_placement_3d .........................................:    476
! SUMMARY-  b_spline_curve_with_knots ..................................:    202
! SUMMARY-  b_spline_curve_with_knots_and_rational_b_spline_curve ......:     68
! SUMMARY-  cartesian_point ............................................:   8178
! SUMMARY-  circle .....................................................:    210
! SUMMARY-  closed_shell ...............................................:     17
! SUMMARY-  conical_surface ............................................:     10
! SUMMARY-  context_dependent_shape_representation .....................:     42
! SUMMARY-  cylindrical_surface ........................................:     67
! SUMMARY-  definitional_representation ................................:   1436
! SUMMARY-  direction ..................................................:   2692
! SUMMARY-  edge_curve .................................................:    718
! SUMMARY-  edge_loop ..................................................:    334
! SUMMARY-  face_bound .................................................:    334
! SUMMARY-  geometric_representation_context_and_global_uncertainty_a ..:     30
! SUMMARY-  item_defined_transformation ................................:     42
! SUMMARY-  length_unit_and_si_unit ....................................:     30
! SUMMARY-  line .......................................................:   1676
! SUMMARY-  manifold_solid_brep ........................................:     17
! SUMMARY-  next_assembly_usage_occurrence .............................:     42
! SUMMARY-  oriented_edge ..............................................:   1436
! SUMMARY-  pcurve .....................................................:   1436
! SUMMARY-  plane ......................................................:    208
! SUMMARY-  plane_angle_unit_and_si_unit ...............................:     30
! SUMMARY-  product ....................................................:     30
! SUMMARY-  product_context ............................................:     30
! SUMMARY-  product_definition .........................................:     30
! SUMMARY-  product_definition_context .................................:     30
! SUMMARY-  product_definition_formation ...............................:     30
! SUMMARY-  product_definition_shape ...................................:     72
! SUMMARY-  product_related_product_category ...........................:     30
! SUMMARY-  representation_relationship_with_transformation_and_shape ..:     42
! SUMMARY-  seam_curve .................................................:     18
! SUMMARY-  shape_representation .......................................:     24
! SUMMARY-  si_unit_and_solid_angle_unit ...............................:     30
! SUMMARY-  surface_curve ..............................................:    700
! SUMMARY-  surface_of_revolution ......................................:      2
! SUMMARY-  uncertainty_measure_with_unit ..............................:     30
! SUMMARY-  vector .....................................................:   1676
! SUMMARY-  vertex_point ...............................................:    472
! SUMMARY-                                                               -------
! SUMMARY-  Total                                                          23335
! STATUS-    
! STATUS-   Converting to Output Form (Phase 2 of 3): 21-JUN-2019 10:00:50 AM
! STATUS-    
! STATUS-    
! STATUS-   Generating UG geometry and placing them in parts
! STATUS-    
! STATUS-   Creating the UG part (Phase 3 of 3): 21-JUN-2019  10:00:50 AM
! STATUS-    
! STATUS-   Creating UG solid body from Input Ent Id 16077
! STATUS-    
! STATUS-   simplifying Bsplines to analytics
! STATUS-    
! STATUS-   converting tolerant edges into exact edges
! STATUS-    
! STATUS-   doing final check of body to report any faults
! STATUS-    
! INFO-     Filing Part ..: C:\Users\Jessie\Documents\ENG 4000\Hinge\FinalMachiningModels\User_Library-U_FL-R-SMT(10)
! SUMMARY-   
! SUMMARY-  Summary of Unigraphics Part Entities
! SUMMARY-   
! SUMMARY-  Entities Processed             Count
! SUMMARY-  ------------------             -----
! SUMMARY-  Solid .......................:     1
! SUMMARY-                                 -----
! SUMMARY-  Total                              1
! STATUS-   Creating the UG part (Phase 3 of 3): 21-JUN-2019  10:00:54 AM
! STATUS-    
! STATUS-   Creating UG solid body from Input Ent Id 15699
! STATUS-    
! STATUS-   simplifying Bsplines to analytics
! STATUS-    
! STATUS-   converting tolerant edges into exact edges
! STATUS-    
! STATUS-   doing final check of body to report any faults
! STATUS-    
! INFO-     Filing Part ..: C:\Users\Jessie\Documents\ENG 4000\Hinge\FinalMachiningModels\Extruded15698
! SUMMARY-   
! SUMMARY-  Summary of Unigraphics Part Entities
! SUMMARY-   
! SUMMARY-  Entities Processed             Count
! SUMMARY-  ------------------             -----
! SUMMARY-  Solid .......................:     1
! SUMMARY-                                 -----
! SUMMARY-  Total                              1
! STATUS-   Creating the UG part (Phase 3 of 3): 21-JUN-2019  10:00:54 AM
! STATUS-    
! STATUS-   Creating UG solid body from Input Ent Id 12130
! STATUS-    
! STATUS-   simplifying Bsplines to analytics
! STATUS-    
! STATUS-   converting tolerant edges into exact edges
! STATUS-    
! STATUS-   doing final check of body to report any faults
! STATUS-    
! INFO-     Filing Part ..: C:\Users\Jessie\Documents\ENG 4000\Hinge\FinalMachiningModels\User_Library-johnson_component_133-3711-801
! SUMMARY-   
! SUMMARY-  Summary of Unigraphics Part Entities
! SUMMARY-   
! SUMMARY-  Entities Processed             Count
! SUMMARY-  ------------------             -----
! SUMMARY-  Solid .......................:     1
! SUMMARY-                                 -----
! SUMMARY-  Total                              1
! STATUS-   Creating the UG part (Phase 3 of 3): 21-JUN-2019  10:00:54 AM
! STATUS-    
! STATUS-   Creating UG solid body from Input Ent Id 11724
! STATUS-    
! STATUS-   simplifying Bsplines to analytics
! STATUS-    
! STATUS-   converting tolerant edges into exact edges
! STATUS-    
! STATUS-   doing final check of body to report any faults
! STATUS-    
! INFO-     Filing Part ..: C:\Users\Jessie\Documents\ENG 4000\Hinge\FinalMachiningModels\Extruded11723
! SUMMARY-   
! SUMMARY-  Summary of Unigraphics Part Entities
! SUMMARY-   
! SUMMARY-  Entities Processed             Count
! SUMMARY-  ------------------             -----
! SUMMARY-  Solid .......................:     1
! SUMMARY-                                 -----
! SUMMARY-  Total                              1
! STATUS-   Creating the UG part (Phase 3 of 3): 21-JUN-2019  10:00:54 AM
! STATUS-    
! STATUS-   Creating UG solid body from Input Ent Id 11273
! STATUS-    
! STATUS-   simplifying Bsplines to analytics
! STATUS-    
! STATUS-   converting tolerant edges into exact edges
! STATUS-    
! STATUS-   doing final check of body to report any faults
! STATUS-    
! INFO-     Filing Part ..: C:\Users\Jessie\Documents\ENG 4000\Hinge\FinalMachiningModels\Extruded
! SUMMARY-   
! SUMMARY-  Summary of Unigraphics Part Entities
! SUMMARY-   
! SUMMARY-  Entities Processed             Count
! SUMMARY-  ------------------             -----
! SUMMARY-  Solid .......................:     1
! SUMMARY-                                 -----
! SUMMARY-  Total                              1
! STATUS-   Creating the UG part (Phase 3 of 3): 21-JUN-2019  10:00:54 AM
! STATUS-    
! STATUS-   Creating UG solid body from Input Ent Id 7528
! STATUS-    
! STATUS-   simplifying Bsplines to analytics
! STATUS-    
! STATUS-   converting tolerant edges into exact edges
! STATUS-    
! STATUS-   doing final check of body to report any faults
! STATUS-    
! STATUS-    
! STATUS-   Creating UG solid body from Input Ent Id 7858
! STATUS-    
! STATUS-   simplifying Bsplines to analytics
! STATUS-    
! STATUS-   converting tolerant edges into exact edges
! STATUS-    
! STATUS-   doing final check of body to report any faults
! STATUS-    
! STATUS-    
! STATUS-   Creating UG solid body from Input Ent Id 8188
! STATUS-    
! STATUS-   simplifying Bsplines to analytics
! STATUS-    
! STATUS-   converting tolerant edges into exact edges
! STATUS-    
! STATUS-   doing final check of body to report any faults
! STATUS-    
! STATUS-    
! STATUS-   Creating UG solid body from Input Ent Id 8518
! STATUS-    
! STATUS-   simplifying Bsplines to analytics
! STATUS-    
! STATUS-   converting tolerant edges into exact edges
! STATUS-    
! STATUS-   doing final check of body to report any faults
! STATUS-    
! STATUS-    
! STATUS-   Creating UG solid body from Input Ent Id 8848
! STATUS-    
! STATUS-   simplifying Bsplines to analytics
! STATUS-    
! STATUS-   converting tolerant edges into exact edges
! STATUS-    
! STATUS-   doing final check of body to report any faults
! STATUS-    
! STATUS-    
! STATUS-   Creating UG solid body from Input Ent Id 9178
! STATUS-    
! STATUS-   simplifying Bsplines to analytics
! STATUS-    
! STATUS-   converting tolerant edges into exact edges
! STATUS-    
! STATUS-   doing final check of body to report any faults
! STATUS-    
! STATUS-    
! STATUS-   Creating UG solid body from Input Ent Id 9508
! STATUS-    
! STATUS-   simplifying Bsplines to analytics
! STATUS-    
! STATUS-   converting tolerant edges into exact edges
! STATUS-    
! STATUS-   doing final check of body to report any faults
! STATUS-    
! STATUS-    
! STATUS-   Creating UG solid body from Input Ent Id 9838
! STATUS-    
! STATUS-   simplifying Bsplines to analytics
! STATUS-    
! STATUS-   converting tolerant edges into exact edges
! STATUS-    
! STATUS-   doing final check of body to report any faults
! STATUS-    
! STATUS-    
! STATUS-   Creating UG solid body from Input Ent Id 10168
! STATUS-    
! STATUS-   simplifying Bsplines to analytics
! STATUS-    
! STATUS-   converting tolerant edges into exact edges
! STATUS-    
! STATUS-   doing final check of body to report any faults
! STATUS-    
! STATUS-    
! STATUS-   Creating UG solid body from Input Ent Id 10498
! STATUS-    
! STATUS-   simplifying Bsplines to analytics
! STATUS-    
! STATUS-   converting tolerant edges into exact edges
! STATUS-    
! STATUS-   doing final check of body to report any faults
! STATUS-    
! STATUS-    
! STATUS-   Creating UG solid body from Input Ent Id 10828
! STATUS-    
! STATUS-   simplifying Bsplines to analytics
! STATUS-    
! STATUS-   converting tolerant edges into exact edges
! STATUS-    
! STATUS-   doing final check of body to report any faults
! STATUS-    
! INFO-     Filing Part ..: C:\Users\Jessie\Documents\ENG 4000\Hinge\FinalMachiningModels\qba
! SUMMARY-   
! SUMMARY-  Summary of Unigraphics Part Entities
! SUMMARY-   
! SUMMARY-  Entities Processed             Count
! SUMMARY-  ------------------             -----
! SUMMARY-  Solid .......................:    11
! SUMMARY-                                 -----
! SUMMARY-  Total                             11
! STATUS-   Creating the UG part (Phase 3 of 3): 21-JUN-2019  10:00:55 AM
! STATUS-    
! STATUS-   Creating UG solid body from Input Ent Id 102
! STATUS-    
! STATUS-   simplifying Bsplines to analytics
! STATUS-    
! STATUS-   converting tolerant edges into exact edges
! STATUS-    
! STATUS-   doing final check of body to report any faults
! STATUS-    
! INFO-     Filing Part ..: C:\Users\Jessie\Documents\ENG 4000\Hinge\FinalMachiningModels\Board
! SUMMARY-   
! SUMMARY-  Summary of Unigraphics Part Entities
! SUMMARY-   
! SUMMARY-  Entities Processed             Count
! SUMMARY-  ------------------             -----
! SUMMARY-  Solid .......................:     1
! SUMMARY-                                 -----
! SUMMARY-  Total                              1
! STATUS-   Creating the UG part (Phase 3 of 3): 21-JUN-2019  10:00:55 AM
! INFO-     Filing Part ..: C:\Users\Jessie\Documents\ENG 4000\Hinge\FinalMachiningModels\1103835584
! SUMMARY-   
! SUMMARY-  Summary of Unigraphics Part Entities
! SUMMARY-   
! SUMMARY-  Entities Processed             Count
! SUMMARY-  ------------------             -----
! SUMMARY-  Component ...................:     1
! SUMMARY-                                 -----
! SUMMARY-  Total                              1
! STATUS-   Creating the UG part (Phase 3 of 3): 21-JUN-2019  10:00:55 AM
! INFO-     Filing Part ..: C:\Users\Jessie\Documents\ENG 4000\Hinge\FinalMachiningModels\L4
! SUMMARY-   
! SUMMARY-  Summary of Unigraphics Part Entities
! SUMMARY-   
! SUMMARY-  Entities Processed             Count
! SUMMARY-  ------------------             -----
! SUMMARY-  Component ...................:     1
! SUMMARY-                                 -----
! SUMMARY-  Total                              1
! STATUS-   Creating the UG part (Phase 3 of 3): 21-JUN-2019  10:00:55 AM
! INFO-     Filing Part ..: C:\Users\Jessie\Documents\ENG 4000\Hinge\FinalMachiningModels\1103835720
! SUMMARY-   
! SUMMARY-  Summary of Unigraphics Part Entities
! SUMMARY-   
! SUMMARY-  Entities Processed             Count
! SUMMARY-  ------------------             -----
! SUMMARY-  Component ...................:     1
! SUMMARY-                                 -----
! SUMMARY-  Total                              1
! STATUS-   Creating the UG part (Phase 3 of 3): 21-JUN-2019  10:00:56 AM
! INFO-     Filing Part ..: C:\Users\Jessie\Documents\ENG 4000\Hinge\FinalMachiningModels\C4
! SUMMARY-   
! SUMMARY-  Summary of Unigraphics Part Entities
! SUMMARY-   
! SUMMARY-  Entities Processed             Count
! SUMMARY-  ------------------             -----
! SUMMARY-  Component ...................:     1
! SUMMARY-                                 -----
! SUMMARY-  Total                              1
! STATUS-   Creating the UG part (Phase 3 of 3): 21-JUN-2019  10:00:56 AM
! INFO-     Filing Part ..: C:\Users\Jessie\Documents\ENG 4000\Hinge\FinalMachiningModels\1103835856
! SUMMARY-   
! SUMMARY-  Summary of Unigraphics Part Entities
! SUMMARY-   
! SUMMARY-  Entities Processed             Count
! SUMMARY-  ------------------             -----
! SUMMARY-  Component ...................:     1
! SUMMARY-                                 -----
! SUMMARY-  Total                              1
! STATUS-   Creating the UG part (Phase 3 of 3): 21-JUN-2019  10:00:56 AM
! INFO-     Filing Part ..: C:\Users\Jessie\Documents\ENG 4000\Hinge\FinalMachiningModels\R3
! SUMMARY-   
! SUMMARY-  Summary of Unigraphics Part Entities
! SUMMARY-   
! SUMMARY-  Entities Processed             Count
! SUMMARY-  ------------------             -----
! SUMMARY-  Component ...................:     1
! SUMMARY-                                 -----
! SUMMARY-  Total                              1
! STATUS-   Creating the UG part (Phase 3 of 3): 21-JUN-2019  10:00:56 AM
! INFO-     Filing Part ..: C:\Users\Jessie\Documents\ENG 4000\Hinge\FinalMachiningModels\R1
! SUMMARY-   
! SUMMARY-  Summary of Unigraphics Part Entities
! SUMMARY-   
! SUMMARY-  Entities Processed             Count
! SUMMARY-  ------------------             -----
! SUMMARY-  Component ...................:     1
! SUMMARY-                                 -----
! SUMMARY-  Total                              1
! STATUS-   Creating the UG part (Phase 3 of 3): 21-JUN-2019  10:00:56 AM
! INFO-     Filing Part ..: C:\Users\Jessie\Documents\ENG 4000\Hinge\FinalMachiningModels\L1
! SUMMARY-   
! SUMMARY-  Summary of Unigraphics Part Entities
! SUMMARY-   
! SUMMARY-  Entities Processed             Count
! SUMMARY-  ------------------             -----
! SUMMARY-  Component ...................:     1
! SUMMARY-                                 -----
! SUMMARY-  Total                              1
! STATUS-   Creating the UG part (Phase 3 of 3): 21-JUN-2019  10:00:57 AM
! INFO-     Filing Part ..: C:\Users\Jessie\Documents\ENG 4000\Hinge\FinalMachiningModels\U4
! SUMMARY-   
! SUMMARY-  Summary of Unigraphics Part Entities
! SUMMARY-   
! SUMMARY-  Entities Processed             Count
! SUMMARY-  ------------------             -----
! SUMMARY-  Component ...................:     1
! SUMMARY-                                 -----
! SUMMARY-  Total                              1
! STATUS-   Creating the UG part (Phase 3 of 3): 21-JUN-2019  10:00:57 AM
! INFO-     Filing Part ..: C:\Users\Jessie\Documents\ENG 4000\Hinge\FinalMachiningModels\U3
! SUMMARY-   
! SUMMARY-  Summary of Unigraphics Part Entities
! SUMMARY-   
! SUMMARY-  Entities Processed             Count
! SUMMARY-  ------------------             -----
! SUMMARY-  Component ...................:     1
! SUMMARY-                                 -----
! SUMMARY-  Total                              1
! STATUS-   Creating the UG part (Phase 3 of 3): 21-JUN-2019  10:00:57 AM
! INFO-     Filing Part ..: C:\Users\Jessie\Documents\ENG 4000\Hinge\FinalMachiningModels\U2
! SUMMARY-   
! SUMMARY-  Summary of Unigraphics Part Entities
! SUMMARY-   
! SUMMARY-  Entities Processed             Count
! SUMMARY-  ------------------             -----
! SUMMARY-  Component ...................:     1
! SUMMARY-                                 -----
! SUMMARY-  Total                              1
! STATUS-   Creating the UG part (Phase 3 of 3): 21-JUN-2019  10:00:57 AM
! INFO-     Filing Part ..: C:\Users\Jessie\Documents\ENG 4000\Hinge\FinalMachiningModels\U1
! SUMMARY-   
! SUMMARY-  Summary of Unigraphics Part Entities
! SUMMARY-   
! SUMMARY-  Entities Processed             Count
! SUMMARY-  ------------------             -----
! SUMMARY-  Component ...................:     1
! SUMMARY-                                 -----
! SUMMARY-  Total                              1
! STATUS-   Creating the UG part (Phase 3 of 3): 21-JUN-2019  10:00:57 AM
! INFO-     Filing Part ..: C:\Users\Jessie\Documents\ENG 4000\Hinge\FinalMachiningModels\R2
! SUMMARY-   
! SUMMARY-  Summary of Unigraphics Part Entities
! SUMMARY-   
! SUMMARY-  Entities Processed             Count
! SUMMARY-  ------------------             -----
! SUMMARY-  Component ...................:     1
! SUMMARY-                                 -----
! SUMMARY-  Total                              1
! STATUS-   Creating the UG part (Phase 3 of 3): 21-JUN-2019  10:00:57 AM
! INFO-     Filing Part ..: C:\Users\Jessie\Documents\ENG 4000\Hinge\FinalMachiningModels\MMCX
! SUMMARY-   
! SUMMARY-  Summary of Unigraphics Part Entities
! SUMMARY-   
! SUMMARY-  Entities Processed             Count
! SUMMARY-  ------------------             -----
! SUMMARY-  Component ...................:     1
! SUMMARY-                                 -----
! SUMMARY-  Total                              1
! STATUS-   Creating the UG part (Phase 3 of 3): 21-JUN-2019  10:00:58 AM
! INFO-     Filing Part ..: C:\Users\Jessie\Documents\ENG 4000\Hinge\FinalMachiningModels\L3
! SUMMARY-   
! SUMMARY-  Summary of Unigraphics Part Entities
! SUMMARY-   
! SUMMARY-  Entities Processed             Count
! SUMMARY-  ------------------             -----
! SUMMARY-  Component ...................:     1
! SUMMARY-                                 -----
! SUMMARY-  Total                              1
! STATUS-   Creating the UG part (Phase 3 of 3): 21-JUN-2019  10:00:58 AM
! INFO-     Filing Part ..: C:\Users\Jessie\Documents\ENG 4000\Hinge\FinalMachiningModels\L2
! SUMMARY-   
! SUMMARY-  Summary of Unigraphics Part Entities
! SUMMARY-   
! SUMMARY-  Entities Processed             Count
! SUMMARY-  ------------------             -----
! SUMMARY-  Component ...................:     1
! SUMMARY-                                 -----
! SUMMARY-  Total                              1
! STATUS-   Creating the UG part (Phase 3 of 3): 21-JUN-2019  10:00:58 AM
! INFO-     Filing Part ..: C:\Users\Jessie\Documents\ENG 4000\Hinge\FinalMachiningModels\C3
! SUMMARY-   
! SUMMARY-  Summary of Unigraphics Part Entities
! SUMMARY-   
! SUMMARY-  Entities Processed             Count
! SUMMARY-  ------------------             -----
! SUMMARY-  Component ...................:     1
! SUMMARY-                                 -----
! SUMMARY-  Total                              1
! STATUS-   Creating the UG part (Phase 3 of 3): 21-JUN-2019  10:00:58 AM
! INFO-     Filing Part ..: C:\Users\Jessie\Documents\ENG 4000\Hinge\FinalMachiningModels\C2
! SUMMARY-   
! SUMMARY-  Summary of Unigraphics Part Entities
! SUMMARY-   
! SUMMARY-  Entities Processed             Count
! SUMMARY-  ------------------             -----
! SUMMARY-  Component ...................:     1
! SUMMARY-                                 -----
! SUMMARY-  Total                              1
! STATUS-   Creating the UG part (Phase 3 of 3): 21-JUN-2019  10:00:58 AM
! INFO-     Filing Part ..: C:\Users\Jessie\Documents\ENG 4000\Hinge\FinalMachiningModels\C1
! SUMMARY-   
! SUMMARY-  Summary of Unigraphics Part Entities
! SUMMARY-   
! SUMMARY-  Entities Processed             Count
! SUMMARY-  ------------------             -----
! SUMMARY-  Component ...................:     1
! SUMMARY-                                 -----
! SUMMARY-  Total                              1
! STATUS-   Creating the UG part (Phase 3 of 3): 21-JUN-2019  10:00:59 AM
! INFO-     Filing Part ..: C:\Users\Jessie\Documents\ENG 4000\Hinge\FinalMachiningModels\3
! SUMMARY-   
! SUMMARY-  Summary of Unigraphics Part Entities
! SUMMARY-   
! SUMMARY-  Entities Processed             Count
! SUMMARY-  ------------------             -----
! SUMMARY-  Component ...................:     1
! SUMMARY-                                 -----
! SUMMARY-  Total                              1
! STATUS-   Creating the UG part (Phase 3 of 3): 21-JUN-2019  10:00:59 AM
! INFO-     Filing Part ..: C:\Users\Jessie\Documents\ENG 4000\Hinge\FinalMachiningModels\2
! SUMMARY-   
! SUMMARY-  Summary of Unigraphics Part Entities
! SUMMARY-   
! SUMMARY-  Entities Processed             Count
! SUMMARY-  ------------------             -----
! SUMMARY-  Component ...................:     1
! SUMMARY-                                 -----
! SUMMARY-  Total                              1
! STATUS-   Creating the UG part (Phase 3 of 3): 21-JUN-2019  10:00:59 AM
! INFO-     Filing Part ..: C:\Users\Jessie\Documents\ENG 4000\Hinge\FinalMachiningModels\1
! SUMMARY-   
! SUMMARY-  Summary of Unigraphics Part Entities
! SUMMARY-   
! SUMMARY-  Entities Processed             Count
! SUMMARY-  ------------------             -----
! SUMMARY-  Component ...................:     1
! SUMMARY-                                 -----
! SUMMARY-  Total                              1
! STATUS-   Creating the UG part (Phase 3 of 3): 21-JUN-2019  10:00:59 AM
! INFO-     Filing Part ..: C:\Users\Jessie\Documents\ENG 4000\Hinge\FinalMachiningModels\PCBFinal_step.prt
! SUMMARY-   
! SUMMARY-  Summary of Unigraphics Part Entities
! SUMMARY-   
! SUMMARY-  Entities Processed             Count
! SUMMARY-  ------------------             -----
! SUMMARY-  Component ...................:    20
! SUMMARY-                                 -----
! SUMMARY-  Total                             20
! INFO-      
! INFO-     Total number of solids input for this translation       :        17
! INFO-      
! INFO-     Number of solids created without body validation faults :        17
! INFO-      
! INFO-     Number of solids created with body validation fault(s)  :         0
! INFO-      
! INFO-     Number of solids ending up as sheet bodies              :         0
! INFO-      
! INFO-     End of Translation: 21-JUN-2019  10:01:00 AM
! INFO-      
